<?xml version="1.0" encoding="UTF-8"?>
<testsuites>
  <testsuite name="Feature" tests="44" assertions="196" errors="0" failures="10" skipped="0" time="0.682776">
    <testsuite name="Tests\Feature\BooksListTest" file="/home/epignosis-nibro/Desktop/Projects/Kim/books-testing/tests/Feature/BookListTest.php" tests="7" assertions="94" errors="0" failures="3" skipped="0" time="0.414031">
      <testcase name="testResponseStructure" class="Tests\Feature\BooksListTest" classname="Tests.Feature.BooksListTest" file="/home/epignosis-nibro/Desktop/Projects/Kim/books-testing/tests/Feature/BookListTest.php" line="14" assertions="76" time="0.291938"/>
      <testcase name="testListWithoutFilters" class="Tests\Feature\BooksListTest" classname="Tests.Feature.BooksListTest" file="/home/epignosis-nibro/Desktop/Projects/Kim/books-testing/tests/Feature/BookListTest.php" line="68" assertions="2" time="0.044275"/>
      <testcase name="testTitleFilter" class="Tests\Feature\BooksListTest" classname="Tests.Feature.BooksListTest" file="/home/epignosis-nibro/Desktop/Projects/Kim/books-testing/tests/Feature/BookListTest.php" line="88" assertions="4" time="0.009406"/>
      <testcase name="testAuthorsFilter" class="Tests\Feature\BooksListTest" classname="Tests.Feature.BooksListTest" file="/home/epignosis-nibro/Desktop/Projects/Kim/books-testing/tests/Feature/BookListTest.php" line="106" assertions="4" time="0.014750">
        <failure type="PHPUnit\Framework\ExpectationFailedException">Tests\Feature\BooksListTest::testAuthorsFilter
Unable to find JSON: 

[{
    "data": [
        {
            "id": 1,
            "isbn": "9784560978474",
            "title": "PHP for begginers",
            "description": "Ex voluptas aut occaecati facilis. Dolore nisi voluptas maxime aut. Eius temporibus dolor et eos vel consequatur ullam. Aut numquam minus qui maiores rerum excepturi et atque.",
            "authors": [
                {
                    "id": 1,
                    "name": "Maritza Glover",
                    "surname": "Smith"
                },
                {
                    "id": 2,
                    "name": "Arlie VonRueden",
                    "surname": "Hoeger"
                }
            ],
            "review": {
                "avg": 0,
                "count": 0
            }
        },
        {
            "id": 3,
            "isbn": "9798841142201",
            "title": "Advanced Python",
            "description": "Dolores sint ut libero repudiandae. Id aut consectetur ex tempora. Illum repudiandae optio sint consequatur excepturi qui. Earum ipsum voluptatem exercitationem non.",
            "authors": [
                {
                    "id": 2,
                    "name": "Arlie VonRueden",
                    "surname": "Hoeger"
                }
            ],
            "review": {
                "avg": 0,
                "count": 0
            }
        }
    ]
}]

within response JSON:

[{
    "data": [
        {
            "id": 1,
            "isbn": "9784560978474",
            "title": "PHP for begginers",
            "description": "Ex voluptas aut occaecati facilis. Dolore nisi voluptas maxime aut. Eius temporibus dolor et eos vel consequatur ullam. Aut numquam minus qui maiores rerum excepturi et atque.",
            "authors": [
                {
                    "id": 1,
                    "name": "Maritza Glover",
                    "surname": "Smith"
                },
                {
                    "id": 2,
                    "name": "Arlie VonRueden",
                    "surname": "Hoeger"
                }
            ],
            "review": {
                "avg": 0,
                "count": 0
            }
        },
        {
            "id": 2,
            "isbn": "9790344904089",
            "title": "Javascript for dummies",
            "description": "Eum quas delectus quia provident modi cum sint. Quisquam voluptatibus est minima explicabo consequuntur consequatur. Molestiae itaque et atque explicabo blanditiis nisi sit.",
            "authors": [
                {
                    "id": 1,
                    "name": "Maritza Glover",
                    "surname": "Smith"
                }
            ],
            "review": {
                "avg": 0,
                "count": 0
            }
        },
        {
            "id": 3,
            "isbn": "9798841142201",
            "title": "Advanced Python",
            "description": "Dolores sint ut libero repudiandae. Id aut consectetur ex tempora. Illum repudiandae optio sint consequatur excepturi qui. Earum ipsum voluptatem exercitationem non.",
            "authors": [
                {
                    "id": 2,
                    "name": "Arlie VonRueden",
                    "surname": "Hoeger"
                }
            ],
            "review": {
                "avg": 0,
                "count": 0
            }
        }
    ],
    "links": {
        "first": "http://localhost:8000/api/books?page=1",
        "last": "http://localhost:8000/api/books?page=1",
        "prev": null,
        "next": null
    },
    "meta": {
        "current_page": 1,
        "from": 1,
        "last_page": 1,
        "path": "http://localhost:8000/api/books",
        "per_page": 15,
        "to": 3,
        "total": 3
    }
}].


Failed asserting that an array has the subset Array &amp;0 (
    'data' =&gt; Array &amp;1 (
        0 =&gt; Array &amp;2 (
            'id' =&gt; 1
            'isbn' =&gt; '9784560978474'
            'title' =&gt; 'PHP for begginers'
            'description' =&gt; 'Ex voluptas aut occaecati facilis. Dolore nisi voluptas maxime aut. Eius temporibus dolor et eos vel consequatur ullam. Aut numquam minus qui maiores rerum excepturi et atque.'
            'authors' =&gt; Array &amp;3 (
                0 =&gt; Array &amp;4 (
                    'id' =&gt; 1
                    'name' =&gt; 'Maritza Glover'
                    'surname' =&gt; 'Smith'
                )
                1 =&gt; Array &amp;5 (
                    'id' =&gt; 2
                    'name' =&gt; 'Arlie VonRueden'
                    'surname' =&gt; 'Hoeger'
                )
            )
            'review' =&gt; Array &amp;6 (
                'avg' =&gt; 0
                'count' =&gt; 0
            )
        )
        1 =&gt; Array &amp;7 (
            'id' =&gt; 3
            'isbn' =&gt; '9798841142201'
            'title' =&gt; 'Advanced Python'
            'description' =&gt; 'Dolores sint ut libero repudiandae. Id aut consectetur ex tempora. Illum repudiandae optio sint consequatur excepturi qui. Earum ipsum voluptatem exercitationem non.'
            'authors' =&gt; Array &amp;8 (
                0 =&gt; Array &amp;9 (
                    'id' =&gt; 2
                    'name' =&gt; 'Arlie VonRueden'
                    'surname' =&gt; 'Hoeger'
                )
            )
            'review' =&gt; Array &amp;10 (
                'avg' =&gt; 0
                'count' =&gt; 0
            )
        )
    )
).
--- Expected
+++ Actual
@@ @@
     ),
     1 =&gt; 
     array (
-      'id' =&gt; 3,
-      'isbn' =&gt; '9798841142201',
-      'title' =&gt; 'Advanced Python',
-      'description' =&gt; 'Dolores sint ut libero repudiandae. Id aut consectetur ex tempora. Illum repudiandae optio sint consequatur excepturi qui. Earum ipsum voluptatem exercitationem non.',
+      'id' =&gt; 2,
+      'isbn' =&gt; '9790344904089',
+      'title' =&gt; 'Javascript for dummies',
+      'description' =&gt; 'Eum quas delectus quia provident modi cum sint. Quisquam voluptatibus est minima explicabo consequuntur consequatur. Molestiae itaque et atque explicabo blanditiis nisi sit.',
       'authors' =&gt; 
       array (
         0 =&gt; 
         array (
-          'id' =&gt; 2,
-          'name' =&gt; 'Arlie VonRueden',
-          'surname' =&gt; 'Hoeger',
+          'id' =&gt; 1,
+          'name' =&gt; 'Maritza Glover',
+          'surname' =&gt; 'Smith',
         ),
       ),
       'review' =&gt;

/home/epignosis-nibro/Desktop/Projects/Kim/books-testing/vendor/laravel/framework/src/Illuminate/Foundation/Testing/Assert.php:40
/home/epignosis-nibro/Desktop/Projects/Kim/books-testing/vendor/laravel/framework/src/Illuminate/Foundation/Testing/TestResponse.php:443
/home/epignosis-nibro/Desktop/Projects/Kim/books-testing/tests/Feature/BookListTest.php:207
/home/epignosis-nibro/Desktop/Projects/Kim/books-testing/tests/Feature/BookListTest.php:129
</failure>
      </testcase>
      <testcase name="testTitleSort" class="Tests\Feature\BooksListTest" classname="Tests.Feature.BooksListTest" file="/home/epignosis-nibro/Desktop/Projects/Kim/books-testing/tests/Feature/BookListTest.php" line="138" assertions="2" time="0.008252">
        <failure type="PHPUnit\Framework\ExpectationFailedException">Tests\Feature\BooksListTest::testTitleSort
Unable to find JSON: 

[{
    "data": [
        {
            "id": 3,
            "isbn": "9794170390191",
            "title": "Advanced Python",
            "description": "Magni rerum inventore voluptatum est. Saepe commodi animi ipsam autem. Nihil necessitatibus deleniti perferendis illo minima aut.",
            "authors": [],
            "review": {
                "avg": 0,
                "count": 0
            }
        },
        {
            "id": 2,
            "isbn": "9783576844223",
            "title": "Javascript for dummies",
            "description": "Beatae doloremque veritatis culpa autem omnis dignissimos quibusdam. Eveniet eveniet iure ipsam cum at. Ullam laborum ipsa iusto nisi.",
            "authors": [],
            "review": {
                "avg": 0,
                "count": 0
            }
        },
        {
            "id": 1,
            "isbn": "9782669479854",
            "title": "PHP for begginers",
            "description": "Possimus qui id recusandae et veritatis quisquam. Quia numquam et vero in veritatis labore facere. Esse ea quia consectetur est et asperiores sit. Cumque facilis excepturi odit consequatur est.",
            "authors": [],
            "review": {
                "avg": 0,
                "count": 0
            }
        }
    ]
}]

within response JSON:

[{
    "data": [
        {
            "id": 1,
            "isbn": "9782669479854",
            "title": "PHP for begginers",
            "description": "Possimus qui id recusandae et veritatis quisquam. Quia numquam et vero in veritatis labore facere. Esse ea quia consectetur est et asperiores sit. Cumque facilis excepturi odit consequatur est.",
            "authors": [],
            "review": {
                "avg": 0,
                "count": 0
            }
        },
        {
            "id": 2,
            "isbn": "9783576844223",
            "title": "Javascript for dummies",
            "description": "Beatae doloremque veritatis culpa autem omnis dignissimos quibusdam. Eveniet eveniet iure ipsam cum at. Ullam laborum ipsa iusto nisi.",
            "authors": [],
            "review": {
                "avg": 0,
                "count": 0
            }
        },
        {
            "id": 3,
            "isbn": "9794170390191",
            "title": "Advanced Python",
            "description": "Magni rerum inventore voluptatum est. Saepe commodi animi ipsam autem. Nihil necessitatibus deleniti perferendis illo minima aut.",
            "authors": [],
            "review": {
                "avg": 0,
                "count": 0
            }
        }
    ],
    "links": {
        "first": "http://localhost:8000/api/books?page=1",
        "last": "http://localhost:8000/api/books?page=1",
        "prev": null,
        "next": null
    },
    "meta": {
        "current_page": 1,
        "from": 1,
        "last_page": 1,
        "path": "http://localhost:8000/api/books",
        "per_page": 15,
        "to": 3,
        "total": 3
    }
}].


Failed asserting that an array has the subset Array &amp;0 (
    'data' =&gt; Array &amp;1 (
        0 =&gt; Array &amp;2 (
            'id' =&gt; 3
            'isbn' =&gt; '9794170390191'
            'title' =&gt; 'Advanced Python'
            'description' =&gt; 'Magni rerum inventore voluptatum est. Saepe commodi animi ipsam autem. Nihil necessitatibus deleniti perferendis illo minima aut.'
            'authors' =&gt; Array &amp;3 ()
            'review' =&gt; Array &amp;4 (
                'avg' =&gt; 0
                'count' =&gt; 0
            )
        )
        1 =&gt; Array &amp;5 (
            'id' =&gt; 2
            'isbn' =&gt; '9783576844223'
            'title' =&gt; 'Javascript for dummies'
            'description' =&gt; 'Beatae doloremque veritatis culpa autem omnis dignissimos quibusdam. Eveniet eveniet iure ipsam cum at. Ullam laborum ipsa iusto nisi.'
            'authors' =&gt; Array &amp;6 ()
            'review' =&gt; Array &amp;7 (
                'avg' =&gt; 0
                'count' =&gt; 0
            )
        )
        2 =&gt; Array &amp;8 (
            'id' =&gt; 1
            'isbn' =&gt; '9782669479854'
            'title' =&gt; 'PHP for begginers'
            'description' =&gt; 'Possimus qui id recusandae et veritatis quisquam. Quia numquam et vero in veritatis labore facere. Esse ea quia consectetur est et asperiores sit. Cumque facilis excepturi odit consequatur est.'
            'authors' =&gt; Array &amp;9 ()
            'review' =&gt; Array &amp;10 (
                'avg' =&gt; 0
                'count' =&gt; 0
            )
        )
    )
).
--- Expected
+++ Actual
@@ @@
   array (
     0 =&gt; 
     array (
-      'id' =&gt; 3,
-      'isbn' =&gt; '9794170390191',
-      'title' =&gt; 'Advanced Python',
-      'description' =&gt; 'Magni rerum inventore voluptatum est. Saepe commodi animi ipsam autem. Nihil necessitatibus deleniti perferendis illo minima aut.',
+      'id' =&gt; 1,
+      'isbn' =&gt; '9782669479854',
+      'title' =&gt; 'PHP for begginers',
+      'description' =&gt; 'Possimus qui id recusandae et veritatis quisquam. Quia numquam et vero in veritatis labore facere. Esse ea quia consectetur est et asperiores sit. Cumque facilis excepturi odit consequatur est.',
       'authors' =&gt; 
       array (
       ),
@@ @@
     ),
     2 =&gt; 
     array (
-      'id' =&gt; 1,
-      'isbn' =&gt; '9782669479854',
-      'title' =&gt; 'PHP for begginers',
-      'description' =&gt; 'Possimus qui id recusandae et veritatis quisquam. Quia numquam et vero in veritatis labore facere. Esse ea quia consectetur est et asperiores sit. Cumque facilis excepturi odit consequatur est.',
+      'id' =&gt; 3,
+      'isbn' =&gt; '9794170390191',
+      'title' =&gt; 'Advanced Python',
+      'description' =&gt; 'Magni rerum inventore voluptatum est. Saepe commodi animi ipsam autem. Nihil necessitatibus deleniti perferendis illo minima aut.',
       'authors' =&gt; 
       array (
       ),

/home/epignosis-nibro/Desktop/Projects/Kim/books-testing/vendor/laravel/framework/src/Illuminate/Foundation/Testing/Assert.php:40
/home/epignosis-nibro/Desktop/Projects/Kim/books-testing/vendor/laravel/framework/src/Illuminate/Foundation/Testing/TestResponse.php:443
/home/epignosis-nibro/Desktop/Projects/Kim/books-testing/tests/Feature/BookListTest.php:207
/home/epignosis-nibro/Desktop/Projects/Kim/books-testing/tests/Feature/BookListTest.php:147
</failure>
      </testcase>
      <testcase name="testAvgReviewSort" class="Tests\Feature\BooksListTest" classname="Tests.Feature.BooksListTest" file="/home/epignosis-nibro/Desktop/Projects/Kim/books-testing/tests/Feature/BookListTest.php" line="156" assertions="2" time="0.011597">
        <failure type="PHPUnit\Framework\ExpectationFailedException">Tests\Feature\BooksListTest::testAvgReviewSort
Unable to find JSON: 

[{
    "data": [
        {
            "id": 3,
            "isbn": "9784158877943",
            "title": "Advanced Python",
            "description": "Dolore error et eaque. Error fugit esse voluptas quia. Esse rerum cumque sed quis.",
            "authors": [],
            "review": {
                "avg": 0,
                "count": 0
            }
        },
        {
            "id": 1,
            "isbn": "9791716138477",
            "title": "PHP for begginers",
            "description": "Aspernatur molestiae culpa magni cum excepturi veritatis. Est ipsum praesentium quo aut. Corporis commodi tempore quam excepturi fugiat similique suscipit. Magni dolor harum culpa voluptatem id.",
            "authors": [],
            "review": {
                "avg": 3,
                "count": 2
            }
        },
        {
            "id": 2,
            "isbn": "9795592417756",
            "title": "Javascript for dummies",
            "description": "Cupiditate quia labore reiciendis omnis dolores odio occaecati. Nemo id omnis molestias voluptate temporibus occaecati minima. Magni nesciunt veniam qui doloremque.",
            "authors": [],
            "review": {
                "avg": 6,
                "count": 2
            }
        }
    ]
}]

within response JSON:

[{
    "data": [
        {
            "id": 1,
            "isbn": "9791716138477",
            "title": "PHP for begginers",
            "description": "Aspernatur molestiae culpa magni cum excepturi veritatis. Est ipsum praesentium quo aut. Corporis commodi tempore quam excepturi fugiat similique suscipit. Magni dolor harum culpa voluptatem id.",
            "authors": [],
            "review": {
                "avg": 3,
                "count": 2
            }
        },
        {
            "id": 2,
            "isbn": "9795592417756",
            "title": "Javascript for dummies",
            "description": "Cupiditate quia labore reiciendis omnis dolores odio occaecati. Nemo id omnis molestias voluptate temporibus occaecati minima. Magni nesciunt veniam qui doloremque.",
            "authors": [],
            "review": {
                "avg": 6,
                "count": 2
            }
        },
        {
            "id": 3,
            "isbn": "9784158877943",
            "title": "Advanced Python",
            "description": "Dolore error et eaque. Error fugit esse voluptas quia. Esse rerum cumque sed quis.",
            "authors": [],
            "review": {
                "avg": 0,
                "count": 0
            }
        }
    ],
    "links": {
        "first": "http://localhost:8000/api/books?page=1",
        "last": "http://localhost:8000/api/books?page=1",
        "prev": null,
        "next": null
    },
    "meta": {
        "current_page": 1,
        "from": 1,
        "last_page": 1,
        "path": "http://localhost:8000/api/books",
        "per_page": 15,
        "to": 3,
        "total": 3
    }
}].


Failed asserting that an array has the subset Array &amp;0 (
    'data' =&gt; Array &amp;1 (
        0 =&gt; Array &amp;2 (
            'id' =&gt; 3
            'isbn' =&gt; '9784158877943'
            'title' =&gt; 'Advanced Python'
            'description' =&gt; 'Dolore error et eaque. Error fugit esse voluptas quia. Esse rerum cumque sed quis.'
            'authors' =&gt; Array &amp;3 ()
            'review' =&gt; Array &amp;4 (
                'avg' =&gt; 0
                'count' =&gt; 0
            )
        )
        1 =&gt; Array &amp;5 (
            'id' =&gt; 1
            'isbn' =&gt; '9791716138477'
            'title' =&gt; 'PHP for begginers'
            'description' =&gt; 'Aspernatur molestiae culpa magni cum excepturi veritatis. Est ipsum praesentium quo aut. Corporis commodi tempore quam excepturi fugiat similique suscipit. Magni dolor harum culpa voluptatem id.'
            'authors' =&gt; Array &amp;6 ()
            'review' =&gt; Array &amp;7 (
                'avg' =&gt; 3
                'count' =&gt; 2
            )
        )
        2 =&gt; Array &amp;8 (
            'id' =&gt; 2
            'isbn' =&gt; '9795592417756'
            'title' =&gt; 'Javascript for dummies'
            'description' =&gt; 'Cupiditate quia labore reiciendis omnis dolores odio occaecati. Nemo id omnis molestias voluptate temporibus occaecati minima. Magni nesciunt veniam qui doloremque.'
            'authors' =&gt; Array &amp;9 ()
            'review' =&gt; Array &amp;10 (
                'avg' =&gt; 6
                'count' =&gt; 2
            )
        )
    )
).
--- Expected
+++ Actual
@@ @@
   array (
     0 =&gt; 
     array (
-      'id' =&gt; 3,
-      'isbn' =&gt; '9784158877943',
-      'title' =&gt; 'Advanced Python',
-      'description' =&gt; 'Dolore error et eaque. Error fugit esse voluptas quia. Esse rerum cumque sed quis.',
-      'authors' =&gt; 
-      array (
-      ),
-      'review' =&gt; 
-      array (
-        'avg' =&gt; 0,
-        'count' =&gt; 0,
-      ),
-    ),
-    1 =&gt; 
-    array (
       'id' =&gt; 1,
       'isbn' =&gt; '9791716138477',
       'title' =&gt; 'PHP for begginers',
@@ @@
         'count' =&gt; 2,
       ),
     ),
-    2 =&gt; 
+    1 =&gt; 
     array (
       'id' =&gt; 2,
       'isbn' =&gt; '9795592417756',
@@ @@
       array (
         'avg' =&gt; 6,
         'count' =&gt; 2,
+      ),
+    ),
+    2 =&gt; 
+    array (
+      'id' =&gt; 3,
+      'isbn' =&gt; '9784158877943',
+      'title' =&gt; 'Advanced Python',
+      'description' =&gt; 'Dolore error et eaque. Error fugit esse voluptas quia. Esse rerum cumque sed quis.',
+      'authors' =&gt; 
+      array (
+      ),
+      'review' =&gt; 
+      array (
+        'avg' =&gt; 0,
+        'count' =&gt; 0,
       ),
     ),
   ),

/home/epignosis-nibro/Desktop/Projects/Kim/books-testing/vendor/laravel/framework/src/Illuminate/Foundation/Testing/Assert.php:40
/home/epignosis-nibro/Desktop/Projects/Kim/books-testing/vendor/laravel/framework/src/Illuminate/Foundation/Testing/TestResponse.php:443
/home/epignosis-nibro/Desktop/Projects/Kim/books-testing/tests/Feature/BookListTest.php:207
/home/epignosis-nibro/Desktop/Projects/Kim/books-testing/tests/Feature/BookListTest.php:179
</failure>
      </testcase>
      <testcase name="testPagination" class="Tests\Feature\BooksListTest" classname="Tests.Feature.BooksListTest" file="/home/epignosis-nibro/Desktop/Projects/Kim/books-testing/tests/Feature/BookListTest.php" line="187" assertions="4" time="0.033813"/>
    </testsuite>
    <testsuite name="Tests\Feature\BookPostTest" file="/home/epignosis-nibro/Desktop/Projects/Kim/books-testing/tests/Feature/BookPostTest.php" tests="25" assertions="72" errors="0" failures="3" skipped="0" time="0.183823">
      <testcase name="testDenyGuestAccess" class="Tests\Feature\BookPostTest" classname="Tests.Feature.BookPostTest" file="/home/epignosis-nibro/Desktop/Projects/Kim/books-testing/tests/Feature/BookPostTest.php" line="13" assertions="1" time="0.006914"/>
      <testcase name="testDenyNonAdminUserAccess" class="Tests\Feature\BookPostTest" classname="Tests.Feature.BookPostTest" file="/home/epignosis-nibro/Desktop/Projects/Kim/books-testing/tests/Feature/BookPostTest.php" line="27" assertions="1" time="0.005653"/>
      <testcase name="testSuccessfulPost" class="Tests\Feature\BookPostTest" classname="Tests.Feature.BookPostTest" file="/home/epignosis-nibro/Desktop/Projects/Kim/books-testing/tests/Feature/BookPostTest.php" line="44" assertions="6" time="0.012472"/>
      <testsuite name="Tests\Feature\BookPostTest::testValidation" tests="22" assertions="64" errors="0" failures="3" skipped="0" time="0.158784">
        <testcase name="testValidation with data set #0" class="Tests\Feature\BookPostTest" classname="Tests.Feature.BookPostTest" file="/home/epignosis-nibro/Desktop/Projects/Kim/books-testing/tests/Feature/BookPostTest.php" line="73" assertions="3" time="0.006842"/>
        <testcase name="testValidation with data set #1" class="Tests\Feature\BookPostTest" classname="Tests.Feature.BookPostTest" file="/home/epignosis-nibro/Desktop/Projects/Kim/books-testing/tests/Feature/BookPostTest.php" line="73" assertions="3" time="0.006390"/>
        <testcase name="testValidation with data set #2" class="Tests\Feature\BookPostTest" classname="Tests.Feature.BookPostTest" file="/home/epignosis-nibro/Desktop/Projects/Kim/books-testing/tests/Feature/BookPostTest.php" line="73" assertions="3" time="0.006575"/>
        <testcase name="testValidation with data set #3" class="Tests\Feature\BookPostTest" classname="Tests.Feature.BookPostTest" file="/home/epignosis-nibro/Desktop/Projects/Kim/books-testing/tests/Feature/BookPostTest.php" line="73" assertions="3" time="0.008208"/>
        <testcase name="testValidation with data set #4" class="Tests\Feature\BookPostTest" classname="Tests.Feature.BookPostTest" file="/home/epignosis-nibro/Desktop/Projects/Kim/books-testing/tests/Feature/BookPostTest.php" line="73" assertions="3" time="0.007016"/>
        <testcase name="testValidation with data set #5" class="Tests\Feature\BookPostTest" classname="Tests.Feature.BookPostTest" file="/home/epignosis-nibro/Desktop/Projects/Kim/books-testing/tests/Feature/BookPostTest.php" line="73" assertions="3" time="0.006752"/>
        <testcase name="testValidation with data set #6" class="Tests\Feature\BookPostTest" classname="Tests.Feature.BookPostTest" file="/home/epignosis-nibro/Desktop/Projects/Kim/books-testing/tests/Feature/BookPostTest.php" line="73" assertions="3" time="0.007830"/>
        <testcase name="testValidation with data set #7" class="Tests\Feature\BookPostTest" classname="Tests.Feature.BookPostTest" file="/home/epignosis-nibro/Desktop/Projects/Kim/books-testing/tests/Feature/BookPostTest.php" line="73" assertions="3" time="0.006698"/>
        <testcase name="testValidation with data set #8" class="Tests\Feature\BookPostTest" classname="Tests.Feature.BookPostTest" file="/home/epignosis-nibro/Desktop/Projects/Kim/books-testing/tests/Feature/BookPostTest.php" line="73" assertions="3" time="0.007769"/>
        <testcase name="testValidation with data set #9" class="Tests\Feature\BookPostTest" classname="Tests.Feature.BookPostTest" file="/home/epignosis-nibro/Desktop/Projects/Kim/books-testing/tests/Feature/BookPostTest.php" line="73" assertions="3" time="0.007493"/>
        <testcase name="testValidation with data set #10" class="Tests\Feature\BookPostTest" classname="Tests.Feature.BookPostTest" file="/home/epignosis-nibro/Desktop/Projects/Kim/books-testing/tests/Feature/BookPostTest.php" line="73" assertions="3" time="0.006571"/>
        <testcase name="testValidation with data set #11" class="Tests\Feature\BookPostTest" classname="Tests.Feature.BookPostTest" file="/home/epignosis-nibro/Desktop/Projects/Kim/books-testing/tests/Feature/BookPostTest.php" line="73" assertions="3" time="0.006459"/>
        <testcase name="testValidation with data set #12" class="Tests\Feature\BookPostTest" classname="Tests.Feature.BookPostTest" file="/home/epignosis-nibro/Desktop/Projects/Kim/books-testing/tests/Feature/BookPostTest.php" line="73" assertions="3" time="0.007361"/>
        <testcase name="testValidation with data set #13" class="Tests\Feature\BookPostTest" classname="Tests.Feature.BookPostTest" file="/home/epignosis-nibro/Desktop/Projects/Kim/books-testing/tests/Feature/BookPostTest.php" line="73" assertions="3" time="0.006492"/>
        <testcase name="testValidation with data set #14" class="Tests\Feature\BookPostTest" classname="Tests.Feature.BookPostTest" file="/home/epignosis-nibro/Desktop/Projects/Kim/books-testing/tests/Feature/BookPostTest.php" line="73" assertions="3" time="0.007755"/>
        <testcase name="testValidation with data set #15" class="Tests\Feature\BookPostTest" classname="Tests.Feature.BookPostTest" file="/home/epignosis-nibro/Desktop/Projects/Kim/books-testing/tests/Feature/BookPostTest.php" line="73" assertions="3" time="0.006716"/>
        <testcase name="testValidation with data set #16" class="Tests\Feature\BookPostTest" classname="Tests.Feature.BookPostTest" file="/home/epignosis-nibro/Desktop/Projects/Kim/books-testing/tests/Feature/BookPostTest.php" line="73" assertions="3" time="0.006575"/>
        <testcase name="testValidation with data set #17" class="Tests\Feature\BookPostTest" classname="Tests.Feature.BookPostTest" file="/home/epignosis-nibro/Desktop/Projects/Kim/books-testing/tests/Feature/BookPostTest.php" line="73" assertions="3" time="0.006328"/>
        <testcase name="testValidation with data set #18" class="Tests\Feature\BookPostTest" classname="Tests.Feature.BookPostTest" file="/home/epignosis-nibro/Desktop/Projects/Kim/books-testing/tests/Feature/BookPostTest.php" line="73" assertions="3" time="0.006401"/>
        <testcase name="testValidation with data set #19" class="Tests\Feature\BookPostTest" classname="Tests.Feature.BookPostTest" file="/home/epignosis-nibro/Desktop/Projects/Kim/books-testing/tests/Feature/BookPostTest.php" line="73" assertions="3" time="0.006368">
          <failure type="PHPUnit\Framework\ExpectationFailedException">Tests\Feature\BookPostTest::testValidation with data set #19 (array(array(999999)), 'authors.0')
Failed to find a validation error in the response for key: 'authors.0'

Response does not have JSON validation errors.
Failed asserting that an array has the key 'authors.0'.

/home/epignosis-nibro/Desktop/Projects/Kim/books-testing/vendor/laravel/framework/src/Illuminate/Foundation/Testing/TestResponse.php:674
/home/epignosis-nibro/Desktop/Projects/Kim/books-testing/tests/Feature/BookPostTest.php:93
</failure>
        </testcase>
        <testcase name="testValidation with data set #20" class="Tests\Feature\BookPostTest" classname="Tests.Feature.BookPostTest" file="/home/epignosis-nibro/Desktop/Projects/Kim/books-testing/tests/Feature/BookPostTest.php" line="73" assertions="1" time="0.010353">
          <failure type="PHPUnit\Framework\ExpectationFailedException">Tests\Feature\BookPostTest::testValidation with data set #20 (array(array(array())), 'authors.0')
Expected status code 422 but received 500.
Failed asserting that false is true.

/home/epignosis-nibro/Desktop/Projects/Kim/books-testing/vendor/laravel/framework/src/Illuminate/Foundation/Testing/TestResponse.php:151
/home/epignosis-nibro/Desktop/Projects/Kim/books-testing/tests/Feature/BookPostTest.php:92
</failure>
        </testcase>
        <testcase name="testValidation with data set #21" class="Tests\Feature\BookPostTest" classname="Tests.Feature.BookPostTest" file="/home/epignosis-nibro/Desktop/Projects/Kim/books-testing/tests/Feature/BookPostTest.php" line="73" assertions="3" time="0.009832">
          <failure type="PHPUnit\Framework\ExpectationFailedException">Tests\Feature\BookPostTest::testValidation with data set #21 (array(array(null)), 'authors.0')
Failed to find a validation error in the response for key: 'authors.0'

Response does not have JSON validation errors.
Failed asserting that an array has the key 'authors.0'.

/home/epignosis-nibro/Desktop/Projects/Kim/books-testing/vendor/laravel/framework/src/Illuminate/Foundation/Testing/TestResponse.php:674
/home/epignosis-nibro/Desktop/Projects/Kim/books-testing/tests/Feature/BookPostTest.php:93
</failure>
        </testcase>
      </testsuite>
    </testsuite>
    <testsuite name="Tests\Feature\BookReviewTest" file="/home/epignosis-nibro/Desktop/Projects/Kim/books-testing/tests/Feature/BookReviewTest.php" tests="12" assertions="30" errors="0" failures="4" skipped="0" time="0.084922">
      <testcase name="testDenyGuestAccess" class="Tests\Feature\BookReviewTest" classname="Tests.Feature.BookReviewTest" file="/home/epignosis-nibro/Desktop/Projects/Kim/books-testing/tests/Feature/BookReviewTest.php" line="15" assertions="1" time="0.005259"/>
      <testcase name="testError404OnInvalidBookId" class="Tests\Feature\BookReviewTest" classname="Tests.Feature.BookReviewTest" file="/home/epignosis-nibro/Desktop/Projects/Kim/books-testing/tests/Feature/BookReviewTest.php" line="28" assertions="1" time="0.005960">
        <failure type="PHPUnit\Framework\ExpectationFailedException">Tests\Feature\BookReviewTest::testError404OnInvalidBookId
Expected status code 404 but received 422.
Failed asserting that false is true.

/home/epignosis-nibro/Desktop/Projects/Kim/books-testing/vendor/laravel/framework/src/Illuminate/Foundation/Testing/TestResponse.php:151
/home/epignosis-nibro/Desktop/Projects/Kim/books-testing/tests/Feature/BookReviewTest.php:39
</failure>
      </testcase>
      <testcase name="testSuccessfulPost" class="Tests\Feature\BookReviewTest" classname="Tests.Feature.BookReviewTest" file="/home/epignosis-nibro/Desktop/Projects/Kim/books-testing/tests/Feature/BookReviewTest.php" line="43" assertions="1" time="0.007097">
        <failure type="PHPUnit\Framework\ExpectationFailedException">Tests\Feature\BookReviewTest::testSuccessfulPost
Expected status code 201 but received 422.
Failed asserting that false is true.

/home/epignosis-nibro/Desktop/Projects/Kim/books-testing/vendor/laravel/framework/src/Illuminate/Foundation/Testing/TestResponse.php:151
/home/epignosis-nibro/Desktop/Projects/Kim/books-testing/tests/Feature/BookReviewTest.php:56
</failure>
      </testcase>
      <testsuite name="Tests\Feature\BookReviewTest::testValidation" tests="9" assertions="27" errors="0" failures="2" skipped="0" time="0.066606">
        <testcase name="testValidation with data set #0" class="Tests\Feature\BookReviewTest" classname="Tests.Feature.BookReviewTest" file="/home/epignosis-nibro/Desktop/Projects/Kim/books-testing/tests/Feature/BookReviewTest.php" line="81" assertions="3" time="0.006801"/>
        <testcase name="testValidation with data set #1" class="Tests\Feature\BookReviewTest" classname="Tests.Feature.BookReviewTest" file="/home/epignosis-nibro/Desktop/Projects/Kim/books-testing/tests/Feature/BookReviewTest.php" line="81" assertions="3" time="0.007906"/>
        <testcase name="testValidation with data set #2" class="Tests\Feature\BookReviewTest" classname="Tests.Feature.BookReviewTest" file="/home/epignosis-nibro/Desktop/Projects/Kim/books-testing/tests/Feature/BookReviewTest.php" line="81" assertions="3" time="0.006948">
          <failure type="PHPUnit\Framework\ExpectationFailedException">Tests\Feature\BookReviewTest::testValidation with data set #2 (array(0), 'review')
Failed to find a validation error in the response for key: 'review'

Response has the following JSON validation errors:

{
    "user_id": [
        "The correct user id field is required"
    ]
}

Failed asserting that an array has the key 'review'.

/home/epignosis-nibro/Desktop/Projects/Kim/books-testing/vendor/laravel/framework/src/Illuminate/Foundation/Testing/TestResponse.php:674
/home/epignosis-nibro/Desktop/Projects/Kim/books-testing/tests/Feature/BookReviewTest.php:97
</failure>
        </testcase>
        <testcase name="testValidation with data set #3" class="Tests\Feature\BookReviewTest" classname="Tests.Feature.BookReviewTest" file="/home/epignosis-nibro/Desktop/Projects/Kim/books-testing/tests/Feature/BookReviewTest.php" line="81" assertions="3" time="0.006129">
          <failure type="PHPUnit\Framework\ExpectationFailedException">Tests\Feature\BookReviewTest::testValidation with data set #3 (array(11), 'review')
Failed to find a validation error in the response for key: 'review'

Response has the following JSON validation errors:

{
    "user_id": [
        "The correct user id field is required"
    ]
}

Failed asserting that an array has the key 'review'.

/home/epignosis-nibro/Desktop/Projects/Kim/books-testing/vendor/laravel/framework/src/Illuminate/Foundation/Testing/TestResponse.php:674
/home/epignosis-nibro/Desktop/Projects/Kim/books-testing/tests/Feature/BookReviewTest.php:97
</failure>
        </testcase>
        <testcase name="testValidation with data set #4" class="Tests\Feature\BookReviewTest" classname="Tests.Feature.BookReviewTest" file="/home/epignosis-nibro/Desktop/Projects/Kim/books-testing/tests/Feature/BookReviewTest.php" line="81" assertions="3" time="0.008876"/>
        <testcase name="testValidation with data set #5" class="Tests\Feature\BookReviewTest" classname="Tests.Feature.BookReviewTest" file="/home/epignosis-nibro/Desktop/Projects/Kim/books-testing/tests/Feature/BookReviewTest.php" line="81" assertions="3" time="0.007887"/>
        <testcase name="testValidation with data set #6" class="Tests\Feature\BookReviewTest" classname="Tests.Feature.BookReviewTest" file="/home/epignosis-nibro/Desktop/Projects/Kim/books-testing/tests/Feature/BookReviewTest.php" line="81" assertions="3" time="0.007661"/>
        <testcase name="testValidation with data set #7" class="Tests\Feature\BookReviewTest" classname="Tests.Feature.BookReviewTest" file="/home/epignosis-nibro/Desktop/Projects/Kim/books-testing/tests/Feature/BookReviewTest.php" line="81" assertions="3" time="0.006462"/>
        <testcase name="testValidation with data set #8" class="Tests\Feature\BookReviewTest" classname="Tests.Feature.BookReviewTest" file="/home/epignosis-nibro/Desktop/Projects/Kim/books-testing/tests/Feature/BookReviewTest.php" line="81" assertions="3" time="0.007936"/>
      </testsuite>
    </testsuite>
  </testsuite>
</testsuites>
